<?xml version="1.0" encoding="UTF-8"?>
<testsuite xmlns:xsi="http://www.w3.org/2001/XMLSchema-instance" xsi:noNamespaceSchemaLocation="https://maven.apache.org/surefire/maven-surefire-plugin/xsd/surefire-test-report.xsd" name="com.zjwb.zijin.AppTest" time="0.039" tests="1" errors="0" skipped="0" failures="0">
  <properties>
    <property name="java.specification.version" value="17"/>
    <property name="sun.cpu.isalist" value="amd64"/>
    <property name="sun.jnu.encoding" value="GBK"/>
    <property name="java.class.path" value="D:\git\local\xiaopeng666\sys\target\test-classes;D:\git\local\xiaopeng666\sys\target\classes;C:\Users\pyy14\.m2\repository\junit\junit\4.11\junit-4.11.jar;C:\Users\pyy14\.m2\repository\org\hamcrest\hamcrest-core\1.3\hamcrest-core-1.3.jar;"/>
    <property name="java.vm.vendor" value="Oracle Corporation"/>
    <property name="sun.arch.data.model" value="64"/>
    <property name="user.variant" value=""/>
    <property name="java.vendor.url" value="https://java.oracle.com/"/>
    <property name="user.timezone" value="Asia/Shanghai"/>
    <property name="os.name" value="Windows 11"/>
    <property name="java.vm.specification.version" value="17"/>
    <property name="sun.java.launcher" value="SUN_STANDARD"/>
    <property name="user.country" value="CN"/>
    <property name="sun.boot.library.path" value="D:\JDK-17.0.3.1\bin"/>
    <property name="sun.java.command" value="C:\Users\pyy14\AppData\Local\Temp\surefire14307790785393639432\surefirebooter8957495556854740313.jar C:\Users\pyy14\AppData\Local\Temp\surefire14307790785393639432 2024-06-17T14-33-47_831-jvmRun1 surefire1841696337323224646tmp surefire_09906059231077348916tmp"/>
    <property name="jdk.debug" value="release"/>
    <property name="surefire.test.class.path" value="D:\git\local\xiaopeng666\sys\target\test-classes;D:\git\local\xiaopeng666\sys\target\classes;C:\Users\pyy14\.m2\repository\junit\junit\4.11\junit-4.11.jar;C:\Users\pyy14\.m2\repository\org\hamcrest\hamcrest-core\1.3\hamcrest-core-1.3.jar;"/>
    <property name="sun.cpu.endian" value="little"/>
    <property name="user.home" value="C:\Users\pyy14"/>
    <property name="user.language" value="zh"/>
    <property name="java.specification.vendor" value="Oracle Corporation"/>
    <property name="java.version.date" value="2022-04-22"/>
    <property name="java.home" value="D:\JDK-17.0.3.1"/>
    <property name="file.separator" value="\"/>
    <property name="basedir" value="D:\git\local\xiaopeng666\sys"/>
    <property name="java.vm.compressedOopsMode" value="Zero based"/>
    <property name="line.separator" value="&#10;"/>
    <property name="java.vm.specification.vendor" value="Oracle Corporation"/>
    <property name="java.specification.name" value="Java Platform API Specification"/>
    <property name="surefire.real.class.path" value="C:\Users\pyy14\AppData\Local\Temp\surefire14307790785393639432\surefirebooter8957495556854740313.jar"/>
    <property name="user.script" value=""/>
    <property name="sun.management.compiler" value="HotSpot 64-Bit Tiered Compilers"/>
    <property name="java.runtime.version" value="17.0.3.1+2-LTS-6"/>
    <property name="user.name" value="pyy14"/>
    <property name="path.separator" value=";"/>
    <property name="os.version" value="10.0"/>
    <property name="java.runtime.name" value="Java(TM) SE Runtime Environment"/>
    <property name="file.encoding" value="GBK"/>
    <property name="java.vm.name" value="Java HotSpot(TM) 64-Bit Server VM"/>
    <property name="localRepository" value="C:\Users\pyy14\.m2\repository"/>
    <property name="java.vendor.url.bug" value="https://bugreport.java.com/bugreport/"/>
    <property name="java.io.tmpdir" value="C:\Users\pyy14\AppData\Local\Temp\"/>
    <property name="java.version" value="17.0.3.1"/>
    <property name="user.dir" value="D:\git\local\xiaopeng666\sys"/>
    <property name="os.arch" value="amd64"/>
    <property name="java.vm.specification.name" value="Java Virtual Machine Specification"/>
    <property name="sun.os.patch.level" value=""/>
    <property name="native.encoding" value="GBK"/>
    <property name="java.library.path" value="D:\JDK-17.0.3.1\bin;C:\WINDOWS\Sun\Java\bin;C:\WINDOWS\system32;C:\WINDOWS;D:\VMware16\intall\bin\;D:\app\pyy14\product\11.2.0\dbhome_1\bin;D:\Oracle\Oracle_19c\bin;C:\Program Files\Common Files\Oracle\Java\javapath;C:\WINDOWS\system32;C:\WINDOWS;C:\WINDOWS\System32\Wbem;C:\WINDOWS\System32\WindowsPowerShell\v1.0\;C:\WINDOWS\System32\OpenSSH\;D:\vx开发者工具\微信web开发者工具\dll;D:\VScode\M;crosoft VS Code\bin;D:\vx开发者工具\更新\微信web开发者工具\dll;D:\NODEJS\;D:;node\node_global;D:\JDK-17.0.3.1\bin;D:\Anaconda\down;D:\Anaconda\down\Scripts;D:\Anaconda\down\Library\bin;D:\Anaconda\down\Library\usr\bin;D:\Anaconda\down\Library\mingw-w64\bin;D:\apache-maven-3.9.6\bin;D:\git\Git\cmd;C:\Users\pyy14\AppData\Local\Microsoft\WindowsApps;D:\WebStorm\WebStorm 2021.3.1\bin;;C:\Program Files\nodejs\node_global;C:\Users\pyy14\AppData\Local\GitHubDesktop\bin;C:\Users\pyy14\AppData\Roaming\npm;."/>
    <property name="java.vm.info" value="mixed mode, sharing"/>
    <property name="java.vendor" value="Oracle Corporation"/>
    <property name="java.vm.version" value="17.0.3.1+2-LTS-6"/>
    <property name="sun.io.unicode.encoding" value="UnicodeLittle"/>
    <property name="java.class.version" value="61.0"/>
  </properties>
  <testcase name="shouldAnswerWithTrue" classname="com.zjwb.zijin.AppTest" time="0.002"/>
</testsuite>